<?xml version="1.0" encoding="UTF-8"?>
<testng-results ignored="0" total="1" passed="1" failed="0" skipped="0">
  <reporter-output>
  </reporter-output>
  <suite started-at="2021-01-08T14:35:47Z" name="Default suite" finished-at="2021-01-08T14:35:47Z" duration-ms="23">
    <groups>
    </groups>
    <test started-at="2021-01-08T14:35:47Z" name="Default test" finished-at="2021-01-08T14:35:47Z" duration-ms="23">
      <class name="com.qa.tests.LoginTest">
        <test-method signature="logintest()[pri:0, instance:com.qa.tests.LoginTest@2a265ea9]" started-at="2021-01-08T14:35:47Z" name="logintest" finished-at="2021-01-08T14:35:47Z" duration-ms="7" status="PASS">
          <reporter-output>
          </reporter-output>
        </test-method> <!-- logintest -->
      </class> <!-- com.qa.tests.LoginTest -->
    </test> <!-- Default test -->
  </suite> <!-- Default suite -->
</testng-results>
